<?xml version="1.0" encoding="UTF-8" ?>
<testsuite failures="0" time="0.578" errors="0" skipped="0" tests="11" name="com.assignment.FileUndoManager.impl.UndoManagerTest">
  <properties>
[...]
</properties>
  <testcase time="0.391" classname="com.assignment.FileUndoManager.impl.UndoManagerTest" name="undoManagerReDoPassTest"/>
  <testcase time="0" classname="com.assignment.FileUndoManager.impl.UndoManagerTest" name="setDotFailTest"/>
  <testcase time="0" classname="com.assignment.FileUndoManager.impl.UndoManagerTest" name="documentDeleteStringByPositionTestFail"/>
  <testcase time="0" classname="com.assignment.FileUndoManager.impl.UndoManagerTest" name="documentDeleteStringByPositionTestPass"/>
  <testcase time="0.015" classname="com.assignment.FileUndoManager.impl.UndoManagerTest" name="setDotPassTest"/>
  <testcase time="0" classname="com.assignment.FileUndoManager.impl.UndoManagerTest" name="undoManagerUnDoPassTest"/>
  <testcase time="0" classname="com.assignment.FileUndoManager.impl.UndoManagerTest" name="undoManagerCanRedoPassTest"/>
  <testcase time="0" classname="com.assignment.FileUndoManager.impl.UndoManagerTest" name="documentInsertStringByPositionFail"/>
  <testcase time="0.016" classname="com.assignment.FileUndoManager.impl.UndoManagerTest" name="documentInsertStringByPositionPass"/>
  <testcase time="0" classname="com.assignment.FileUndoManager.impl.UndoManagerTest" name="UndoManagerFactoryTest"/>
  <testcase time="0" classname="com.assignment.FileUndoManager.impl.UndoManagerTest" name="undoManagerCanUndoPassTest"/>
</testsuite>